{'freeze_backbone': False, 'load_pretrain': 'False', 'pretrain_path': '', 'ckpt_path': 'ckpt4_2A', 'data_path': './hw4_data/office/', 'batch_size': 16, 'learning_rate': 0.0003, 'n_epochs': 100, 'stepLR_step': 100, 'stepLR_gamma': 0.99}
Using cuda:1
1
Train: 247
Val: 26
No pretrain resnet.
No freeze backbone.
Number of params: 25622097
Train
Eval
Epoch 0 Eval loss: 4.308, Acc: 0.017241379310344827
Save model
Train
Eval
Epoch 1 Eval loss: 4.276, Acc: 0.054187192118226604
Save model
Train
Eval
Epoch 2 Eval loss: 4.187, Acc: 0.05172413793103448
Save model
Train
Eval
Epoch 3 Eval loss: 4.092, Acc: 0.054187192118226604
Save model
Train
Eval
Epoch 4 Eval loss: 4.143, Acc: 0.05665024630541872
Train
Eval
Epoch 5 Eval loss: 4.059, Acc: 0.04926108374384237
Save model
Train
Eval
Epoch 6 Eval loss: 4.005, Acc: 0.06157635467980296
Save model
Train
Eval
Epoch 7 Eval loss: 3.999, Acc: 0.07389162561576355
Save model
Train
Eval
Epoch 8 Eval loss: 3.951, Acc: 0.0812807881773399
Save model
Train
Eval
Epoch 9 Eval loss: 3.948, Acc: 0.07881773399014778
Save model
Train
Eval
Epoch 10 Eval loss: 3.895, Acc: 0.07142857142857142
Save model
Train
Eval
Epoch 11 Eval loss: 3.909, Acc: 0.0812807881773399
Train
Eval
Epoch 12 Eval loss: 3.881, Acc: 0.09113300492610837
Save model
Train
Eval
Epoch 13 Eval loss: 3.863, Acc: 0.08620689655172414
Save model
Train
Eval
Epoch 14 Eval loss: 3.813, Acc: 0.09852216748768473
Save model
Train
Eval
Epoch 15 Eval loss: 3.815, Acc: 0.09113300492610837
Train
Eval
Epoch 16 Eval loss: 3.795, Acc: 0.10344827586206896
Save model
Train
Eval
Epoch 17 Eval loss: 3.776, Acc: 0.10344827586206896
Save model
Train
Eval
Epoch 18 Eval loss: 3.745, Acc: 0.08866995073891626
Save model
Train
Eval
Epoch 19 Eval loss: 3.738, Acc: 0.09852216748768473
Save model
Train
Eval
Epoch 20 Eval loss: 3.766, Acc: 0.10837438423645321
Train
Eval
Epoch 21 Eval loss: 3.720, Acc: 0.10591133004926108
Save model
Train
Eval
Epoch 22 Eval loss: 3.695, Acc: 0.11576354679802955
Save model
Train
Eval
Epoch 23 Eval loss: 3.723, Acc: 0.10837438423645321
Train
Eval
Epoch 24 Eval loss: 3.703, Acc: 0.11330049261083744
Train
Eval
Epoch 25 Eval loss: 3.695, Acc: 0.11330049261083744
Train
Eval
Epoch 26 Eval loss: 3.704, Acc: 0.11083743842364532
Train
Eval
Epoch 27 Eval loss: 3.700, Acc: 0.11576354679802955
Train
Eval
Epoch 28 Eval loss: 3.673, Acc: 0.1206896551724138
Save model
Train
Eval
Epoch 29 Eval loss: 3.679, Acc: 0.10591133004926108
Train
Eval
Epoch 30 Eval loss: 3.657, Acc: 0.11330049261083744
Save model
Train
Eval
Epoch 31 Eval loss: 3.642, Acc: 0.11822660098522167
Save model
Train
Eval
Epoch 32 Eval loss: 3.626, Acc: 0.1330049261083744
Save model
Train
Eval
Epoch 33 Eval loss: 3.641, Acc: 0.1330049261083744
Train
Eval
Epoch 34 Eval loss: 3.619, Acc: 0.13054187192118227
Save model
Train
Eval
Epoch 35 Eval loss: 3.630, Acc: 0.12561576354679804
Train
Eval
Epoch 36 Eval loss: 3.629, Acc: 0.14532019704433496
Train
Eval
Epoch 37 Eval loss: 3.604, Acc: 0.14039408866995073
Save model
Train
Eval
Epoch 38 Eval loss: 3.578, Acc: 0.13054187192118227
Save model
Train
Eval
Epoch 39 Eval loss: 3.585, Acc: 0.1477832512315271
Train
Eval
Epoch 40 Eval loss: 3.563, Acc: 0.14532019704433496
Save model
Train
Eval
Epoch 41 Eval loss: 3.546, Acc: 0.14532019704433496
Save model
Train
Eval
Epoch 42 Eval loss: 3.549, Acc: 0.15270935960591134
Train
Eval
Epoch 43 Eval loss: 3.583, Acc: 0.1477832512315271
Train
Eval
Epoch 44 Eval loss: 3.548, Acc: 0.14285714285714285
Train
Eval
Epoch 45 Eval loss: 3.534, Acc: 0.15517241379310345
Save model
Train
Eval
Epoch 46 Eval loss: 3.587, Acc: 0.1477832512315271
Train
Eval
Epoch 47 Eval loss: 3.534, Acc: 0.15024630541871922
Train
Eval
Epoch 48 Eval loss: 3.524, Acc: 0.15517241379310345
Save model
Train
Eval
Epoch 49 Eval loss: 3.507, Acc: 0.16748768472906403
Save model
Train
Eval
Epoch 50 Eval loss: 3.513, Acc: 0.16995073891625614
Train
Eval
Epoch 51 Eval loss: 3.517, Acc: 0.15763546798029557
Train
Eval
Epoch 52 Eval loss: 3.558, Acc: 0.15517241379310345
Train
Eval
Epoch 53 Eval loss: 3.509, Acc: 0.16009852216748768
Train
Eval
Epoch 54 Eval loss: 3.478, Acc: 0.1625615763546798
Save model
Train
Eval
Epoch 55 Eval loss: 3.496, Acc: 0.1625615763546798
Train
Eval
Epoch 56 Eval loss: 3.497, Acc: 0.1625615763546798
Train
Eval
Epoch 57 Eval loss: 3.503, Acc: 0.16009852216748768
Train
Eval
Epoch 58 Eval loss: 3.517, Acc: 0.16995073891625614
Train
Eval
Epoch 59 Eval loss: 3.532, Acc: 0.1724137931034483
Train
Eval
Epoch 60 Eval loss: 3.498, Acc: 0.16502463054187191
Train
Eval
Epoch 61 Eval loss: 3.544, Acc: 0.1477832512315271
Train
Eval
Epoch 62 Eval loss: 3.548, Acc: 0.17733990147783252
Train
Eval
Epoch 63 Eval loss: 3.525, Acc: 0.1477832512315271
Train
Eval
Epoch 64 Eval loss: 3.498, Acc: 0.1625615763546798
Train
Eval
Epoch 65 Eval loss: 3.510, Acc: 0.1625615763546798
Train
Eval
Epoch 66 Eval loss: 3.549, Acc: 0.15763546798029557
Train
Eval
Epoch 67 Eval loss: 3.575, Acc: 0.18226600985221675
Train
Eval
Epoch 68 Eval loss: 3.579, Acc: 0.16748768472906403
Train
Eval
Epoch 69 Eval loss: 3.547, Acc: 0.16502463054187191
Train
Eval
Epoch 70 Eval loss: 3.496, Acc: 0.1724137931034483
Train
Eval
Epoch 71 Eval loss: 3.529, Acc: 0.1625615763546798
Train
Eval
Epoch 72 Eval loss: 3.564, Acc: 0.15763546798029557
Train
Eval
Epoch 73 Eval loss: 3.629, Acc: 0.18472906403940886
Train
Eval
Epoch 74 Eval loss: 3.606, Acc: 0.17733990147783252
Train
Eval
Epoch 75 Eval loss: 3.533, Acc: 0.1896551724137931
Train
Eval
Epoch 76 Eval loss: 3.530, Acc: 0.1748768472906404
Train
Eval
Epoch 77 Eval loss: 3.565, Acc: 0.18226600985221675
Train
Eval
Epoch 78 Eval loss: 3.594, Acc: 0.17733990147783252
Train
Eval
Epoch 79 Eval loss: 3.593, Acc: 0.15517241379310345
Train
Eval
Epoch 80 Eval loss: 3.685, Acc: 0.18719211822660098
Train
Eval
Epoch 81 Eval loss: 3.699, Acc: 0.18226600985221675
Train
Eval
Epoch 82 Eval loss: 3.600, Acc: 0.18226600985221675
Train
Eval
Epoch 83 Eval loss: 3.682, Acc: 0.1724137931034483
Train
Eval
Epoch 84 Eval loss: 3.609, Acc: 0.1724137931034483
Train
Eval
Epoch 85 Eval loss: 3.733, Acc: 0.1724137931034483
Train
Eval
Epoch 86 Eval loss: 3.701, Acc: 0.18226600985221675
Train
Eval
Epoch 87 Eval loss: 3.685, Acc: 0.1724137931034483
Train
Eval
Epoch 88 Eval loss: 3.715, Acc: 0.16009852216748768
Train
Eval
Epoch 89 Eval loss: 3.694, Acc: 0.17733990147783252
Train
Eval
Epoch 90 Eval loss: 3.762, Acc: 0.17733990147783252
Train
Eval
Epoch 91 Eval loss: 3.712, Acc: 0.17980295566502463
Train
Eval
Epoch 92 Eval loss: 3.682, Acc: 0.16502463054187191
Train
Eval
Epoch 93 Eval loss: 3.724, Acc: 0.1724137931034483
Train
Eval
Epoch 94 Eval loss: 3.789, Acc: 0.17980295566502463
Train
Eval
Epoch 95 Eval loss: 3.720, Acc: 0.18226600985221675
Train
Eval
Epoch 96 Eval loss: 3.728, Acc: 0.16995073891625614
Train
Eval
Epoch 97 Eval loss: 3.745, Acc: 0.1724137931034483
Train
Eval
Epoch 98 Eval loss: 3.771, Acc: 0.1921182266009852
Train
Eval
Epoch 99 Eval loss: 3.856, Acc: 0.16995073891625614
{'freeze_backbone': False, 'load_pretrain': True, 'pretrain_path': './hw4_data/pretrain_model_SL.pt', 'ckpt_path': 'ckpt4_2B', 'data_path': './hw4_data/office/', 'batch_size': 16, 'learning_rate': 0.0003, 'n_epochs': 100, 'stepLR_step': 100, 'stepLR_gamma': 0.99}
Using cuda:1
1
Train: 247
Val: 26
Load from ./hw4_data/pretrain_model_SL.pt
No freeze backbone.
Number of params: 25622097
Train
Eval
Epoch 0 Eval loss: 3.942, Acc: 0.11822660098522167
Save model
Train
Eval
Epoch 1 Eval loss: 3.858, Acc: 0.14532019704433496
Save model
Train
Eval
Epoch 2 Eval loss: 3.827, Acc: 0.15763546798029557
Save model
Train
Eval
Epoch 3 Eval loss: 3.707, Acc: 0.1748768472906404
Save model
Train
Eval
Epoch 4 Eval loss: 3.872, Acc: 0.1921182266009852
Train
Eval
Epoch 5 Eval loss: 3.735, Acc: 0.2044334975369458
Train
Eval
Epoch 6 Eval loss: 3.409, Acc: 0.2019704433497537
Save model
Train
Eval
Epoch 7 Eval loss: 3.258, Acc: 0.2315270935960591
Save model
Train
Eval
Epoch 8 Eval loss: 3.300, Acc: 0.21674876847290642
Train
Eval
Epoch 9 Eval loss: 3.163, Acc: 0.22413793103448276
Save model
Train
Eval
Epoch 10 Eval loss: 3.222, Acc: 0.2315270935960591
Train
Eval
Epoch 11 Eval loss: 3.190, Acc: 0.21428571428571427
Train
Eval
Epoch 12 Eval loss: 3.093, Acc: 0.20935960591133004
Save model
Train
Eval
Epoch 13 Eval loss: 3.139, Acc: 0.229064039408867
Train
Eval
Epoch 14 Eval loss: 3.093, Acc: 0.21674876847290642
Save model
Train
Eval
Epoch 15 Eval loss: 3.136, Acc: 0.21428571428571427
Train
Eval
Epoch 16 Eval loss: 3.126, Acc: 0.22413793103448276
Train
Eval
Epoch 17 Eval loss: 3.087, Acc: 0.22413793103448276
Save model
Train
Eval
Epoch 18 Eval loss: 3.073, Acc: 0.229064039408867
Save model
Train
Eval
Epoch 19 Eval loss: 3.138, Acc: 0.21921182266009853
Train
Eval
Epoch 20 Eval loss: 3.112, Acc: 0.2315270935960591
Train
Eval
Epoch 21 Eval loss: 3.115, Acc: 0.22660098522167488
Train
Eval
Epoch 22 Eval loss: 3.199, Acc: 0.229064039408867
Train
Eval
Epoch 23 Eval loss: 3.198, Acc: 0.22167487684729065
Train
Eval
Epoch 24 Eval loss: 3.247, Acc: 0.22413793103448276
Train
Eval
Epoch 25 Eval loss: 3.237, Acc: 0.22167487684729065
Train
Eval
Epoch 26 Eval loss: 3.257, Acc: 0.21428571428571427
Train
Eval
Epoch 27 Eval loss: 3.208, Acc: 0.23645320197044334
Train
Eval
Epoch 28 Eval loss: 3.173, Acc: 0.22167487684729065
Train
Eval
Epoch 29 Eval loss: 3.228, Acc: 0.21674876847290642
Train
Eval
Epoch 30 Eval loss: 3.201, Acc: 0.229064039408867
Train
Eval
Epoch 31 Eval loss: 3.226, Acc: 0.23399014778325122
Train
Eval
Epoch 32 Eval loss: 3.323, Acc: 0.23399014778325122
Train
Eval
Epoch 33 Eval loss: 3.282, Acc: 0.23399014778325122
Train
Eval
Epoch 34 Eval loss: 3.277, Acc: 0.2315270935960591
Train
Eval
Epoch 35 Eval loss: 3.353, Acc: 0.21921182266009853
Train
Eval
Epoch 36 Eval loss: 3.350, Acc: 0.23399014778325122
Train
Eval
Epoch 37 Eval loss: 3.395, Acc: 0.23645320197044334
Train
Eval
Epoch 38 Eval loss: 3.416, Acc: 0.2315270935960591
Train
Eval
Epoch 39 Eval loss: 3.477, Acc: 0.22660098522167488
Train
Eval
Epoch 40 Eval loss: 3.484, Acc: 0.22413793103448276
Train
Eval
Epoch 41 Eval loss: 3.413, Acc: 0.22660098522167488
Train
Eval
Epoch 42 Eval loss: 3.463, Acc: 0.23645320197044334
Train
Eval
Epoch 43 Eval loss: 3.422, Acc: 0.22413793103448276
Train
Eval
Epoch 44 Eval loss: 3.614, Acc: 0.23399014778325122
Train
Eval
Epoch 45 Eval loss: 3.584, Acc: 0.23399014778325122
Train
Eval
Epoch 46 Eval loss: 3.518, Acc: 0.23891625615763548
Train
Eval
Epoch 47 Eval loss: 3.579, Acc: 0.24630541871921183
Train
Eval
Epoch 48 Eval loss: 3.593, Acc: 0.23891625615763548
Train
Eval
Epoch 49 Eval loss: 3.614, Acc: 0.23891625615763548
Train
Eval
Epoch 50 Eval loss: 3.671, Acc: 0.23645320197044334
Train
Eval
Epoch 51 Eval loss: 3.747, Acc: 0.23891625615763548
Train
Eval
Epoch 52 Eval loss: 3.671, Acc: 0.23891625615763548
Train
Eval
Epoch 53 Eval loss: 3.738, Acc: 0.2315270935960591
Train
Eval
Epoch 54 Eval loss: 3.774, Acc: 0.23645320197044334
Train
Eval
Epoch 55 Eval loss: 3.671, Acc: 0.23645320197044334
Train
Eval
Epoch 56 Eval loss: 3.812, Acc: 0.229064039408867
Train
Eval
Epoch 57 Eval loss: 3.880, Acc: 0.23891625615763548
Train
Eval
Epoch 58 Eval loss: 3.864, Acc: 0.23891625615763548
Train
Eval
Epoch 59 Eval loss: 3.789, Acc: 0.2536945812807882
Train
Eval
Epoch 60 Eval loss: 3.857, Acc: 0.2536945812807882
Train
Eval
Epoch 61 Eval loss: 3.725, Acc: 0.24630541871921183
Train
Eval
Epoch 62 Eval loss: 3.929, Acc: 0.2315270935960591
Train
Eval
Epoch 63 Eval loss: 4.026, Acc: 0.23891625615763548
Train
Eval
Epoch 64 Eval loss: 3.932, Acc: 0.24876847290640394
Train
Eval
Epoch 65 Eval loss: 3.985, Acc: 0.23645320197044334
Train
Eval
Epoch 66 Eval loss: 3.894, Acc: 0.2512315270935961
Train
Eval
Epoch 67 Eval loss: 3.924, Acc: 0.23645320197044334
Train
Eval
Epoch 68 Eval loss: 4.070, Acc: 0.23399014778325122
Train
Eval
Epoch 69 Eval loss: 4.028, Acc: 0.2438423645320197
Train
Eval
Epoch 70 Eval loss: 3.943, Acc: 0.24630541871921183
Train
Eval
Epoch 71 Eval loss: 3.956, Acc: 0.23891625615763548
Train
Eval
Epoch 72 Eval loss: 4.045, Acc: 0.2438423645320197
Train
Eval
Epoch 73 Eval loss: 4.013, Acc: 0.24630541871921183
Train
Eval
Epoch 74 Eval loss: 4.051, Acc: 0.2561576354679803
Train
Eval
Epoch 75 Eval loss: 4.031, Acc: 0.24876847290640394
Train
Eval
Epoch 76 Eval loss: 4.079, Acc: 0.2512315270935961
Train
Eval
Epoch 77 Eval loss: 4.090, Acc: 0.24630541871921183
Train
Eval
Epoch 78 Eval loss: 4.136, Acc: 0.2438423645320197
Train
Eval
Epoch 79 Eval loss: 4.154, Acc: 0.2413793103448276
Train
Eval
Epoch 80 Eval loss: 4.046, Acc: 0.2315270935960591
Train
Eval
Epoch 81 Eval loss: 4.096, Acc: 0.24630541871921183
Train
Eval
Epoch 82 Eval loss: 4.166, Acc: 0.24876847290640394
Train
Eval
Epoch 83 Eval loss: 4.187, Acc: 0.24630541871921183
Train
Eval
Epoch 84 Eval loss: 4.080, Acc: 0.23399014778325122
Train
Eval
Epoch 85 Eval loss: 4.206, Acc: 0.2438423645320197
Train
Eval
Epoch 86 Eval loss: 4.253, Acc: 0.25862068965517243
Train
Eval
Epoch 87 Eval loss: 4.127, Acc: 0.2512315270935961
Train
Eval
Epoch 88 Eval loss: 4.147, Acc: 0.2536945812807882
Train
Eval
Epoch 89 Eval loss: 4.276, Acc: 0.24876847290640394
Train
Eval
Epoch 90 Eval loss: 4.334, Acc: 0.24630541871921183
Train
Eval
Epoch 91 Eval loss: 4.344, Acc: 0.26354679802955666
Train
Eval
Epoch 92 Eval loss: 4.305, Acc: 0.229064039408867
Train
Eval
Epoch 93 Eval loss: 4.279, Acc: 0.25862068965517243
Train
Eval
Epoch 94 Eval loss: 4.338, Acc: 0.2536945812807882
Train
Eval
Epoch 95 Eval loss: 4.281, Acc: 0.2512315270935961
Train
Eval
Epoch 96 Eval loss: 4.344, Acc: 0.2438423645320197
Train
Eval
Epoch 97 Eval loss: 4.404, Acc: 0.24630541871921183
Train
Eval
Epoch 98 Eval loss: 4.361, Acc: 0.2512315270935961
Train
Eval
Epoch 99 Eval loss: 4.406, Acc: 0.2438423645320197
{'freeze_backbone': False, 'load_pretrain': True, 'pretrain_path': './ckpt4_2_naive_backbone/improved-net.pt', 'ckpt_path': 'ckpt4_2C', 'data_path': './hw4_data/office/', 'batch_size': 16, 'learning_rate': 0.0003, 'n_epochs': 100, 'stepLR_step': 100, 'stepLR_gamma': 0.99}
Using cuda:1
1
Train: 247
Val: 26
Load from ./ckpt4_2_naive_backbone/improved-net.pt
No freeze backbone.
Number of params: 25622097
Train
Eval
Epoch 0 Eval loss: 3.774, Acc: 0.1477832512315271
Save model
Train
Eval
Epoch 1 Eval loss: 3.404, Acc: 0.22660098522167488
Save model
Train
Eval
Epoch 2 Eval loss: 3.081, Acc: 0.26108374384236455
Save model
Train
Eval
Epoch 3 Eval loss: 2.874, Acc: 0.3103448275862069
Save model
Train
Eval
Epoch 4 Eval loss: 2.688, Acc: 0.35714285714285715
Save model
Train
Eval
Epoch 5 Eval loss: 2.595, Acc: 0.37438423645320196
Save model
Train
Eval
Epoch 6 Eval loss: 2.495, Acc: 0.3842364532019704
Save model
Train
Eval
Epoch 7 Eval loss: 2.420, Acc: 0.4064039408866995
Save model
Train
Eval
Epoch 8 Eval loss: 2.345, Acc: 0.4064039408866995
Save model
Train
Eval
Epoch 9 Eval loss: 2.275, Acc: 0.4014778325123153
Save model
Train
Eval
Epoch 10 Eval loss: 2.227, Acc: 0.41625615763546797
Save model
Train
Eval
Epoch 11 Eval loss: 2.192, Acc: 0.43596059113300495
Save model
Train
Eval
Epoch 12 Eval loss: 2.147, Acc: 0.4458128078817734
Save model
Train
Eval
Epoch 13 Eval loss: 2.106, Acc: 0.4482758620689655
Save model
Train
Eval
Epoch 14 Eval loss: 2.077, Acc: 0.458128078817734
Save model
Train
Eval
Epoch 15 Eval loss: 2.047, Acc: 0.46551724137931033
Save model
Train
Eval
Epoch 16 Eval loss: 2.010, Acc: 0.47783251231527096
Save model
Train
Eval
Epoch 17 Eval loss: 2.002, Acc: 0.46798029556650245
Save model
Train
Eval
Epoch 18 Eval loss: 1.976, Acc: 0.4852216748768473
Save model
Train
Eval
Epoch 19 Eval loss: 1.933, Acc: 0.4852216748768473
Save model
Train
Eval
Epoch 20 Eval loss: 1.926, Acc: 0.5024630541871922
Save model
Train
Eval
Epoch 21 Eval loss: 1.906, Acc: 0.5
Save model
Train
Eval
Epoch 22 Eval loss: 1.882, Acc: 0.5320197044334976
Save model
Train
Eval
Epoch 23 Eval loss: 1.876, Acc: 0.5147783251231527
Save model
Train
Eval
Epoch 24 Eval loss: 1.870, Acc: 0.5172413793103449
Save model
Train
Eval
Epoch 25 Eval loss: 1.840, Acc: 0.5172413793103449
Save model
Train
Eval
Epoch 26 Eval loss: 1.821, Acc: 0.5270935960591133
Save model
Train
Eval
Epoch 27 Eval loss: 1.833, Acc: 0.5246305418719212
Train
Eval
Epoch 28 Eval loss: 1.824, Acc: 0.5172413793103449
Train
Eval
Epoch 29 Eval loss: 1.790, Acc: 0.5320197044334976
Save model
Train
Eval
Epoch 30 Eval loss: 1.774, Acc: 0.541871921182266
Save model
Train
Eval
Epoch 31 Eval loss: 1.787, Acc: 0.5295566502463054
Train
Eval
Epoch 32 Eval loss: 1.779, Acc: 0.5295566502463054
Train
Eval
Epoch 33 Eval loss: 1.760, Acc: 0.5344827586206896
Save model
Train
Eval
Epoch 34 Eval loss: 1.762, Acc: 0.5344827586206896
Train
Eval
Epoch 35 Eval loss: 1.758, Acc: 0.5369458128078818
Save model
Train
Eval
Epoch 36 Eval loss: 1.753, Acc: 0.5541871921182266
Save model
Train
Eval
Epoch 37 Eval loss: 1.751, Acc: 0.5467980295566502
Save model
Train
Eval
Epoch 38 Eval loss: 1.737, Acc: 0.5541871921182266
Save model
Train
Eval
Epoch 39 Eval loss: 1.730, Acc: 0.5566502463054187
Save model
Train
Eval
Epoch 40 Eval loss: 1.732, Acc: 0.5443349753694581
Train
Eval
Epoch 41 Eval loss: 1.745, Acc: 0.5591133004926109
Train
Eval
Epoch 42 Eval loss: 1.709, Acc: 0.5665024630541872
Save model
Train
Eval
Epoch 43 Eval loss: 1.716, Acc: 0.5640394088669951
Train
Eval
Epoch 44 Eval loss: 1.703, Acc: 0.5566502463054187
Save model
Train
Eval
Epoch 45 Eval loss: 1.684, Acc: 0.5640394088669951
Save model
Train
Eval
Epoch 46 Eval loss: 1.696, Acc: 0.5640394088669951
Train
Eval
Epoch 47 Eval loss: 1.692, Acc: 0.5615763546798029
Train
Eval
Epoch 48 Eval loss: 1.693, Acc: 0.5640394088669951
Train
Eval
Epoch 49 Eval loss: 1.692, Acc: 0.5541871921182266
Train
Eval
Epoch 50 Eval loss: 1.684, Acc: 0.5665024630541872
Train
Eval
Epoch 51 Eval loss: 1.701, Acc: 0.5763546798029556
Train
Eval
Epoch 52 Eval loss: 1.664, Acc: 0.5788177339901478
Save model
Train
Eval
Epoch 53 Eval loss: 1.684, Acc: 0.5665024630541872
Train
Eval
Epoch 54 Eval loss: 1.656, Acc: 0.5591133004926109
Save model
Train
Eval
Epoch 55 Eval loss: 1.671, Acc: 0.5541871921182266
Train
Eval
Epoch 56 Eval loss: 1.682, Acc: 0.5714285714285714
Train
Eval
Epoch 57 Eval loss: 1.690, Acc: 0.5615763546798029
Train
Eval
Epoch 58 Eval loss: 1.658, Acc: 0.5640394088669951
Train
Eval
Epoch 59 Eval loss: 1.664, Acc: 0.5665024630541872
Train
Eval
Epoch 60 Eval loss: 1.661, Acc: 0.5714285714285714
Train
Eval
Epoch 61 Eval loss: 1.668, Acc: 0.5689655172413793
Train
Eval
Epoch 62 Eval loss: 1.669, Acc: 0.5640394088669951
Train
Eval
Epoch 63 Eval loss: 1.672, Acc: 0.5714285714285714
Train
Eval
Epoch 64 Eval loss: 1.674, Acc: 0.5812807881773399
Train
Eval
Epoch 65 Eval loss: 1.650, Acc: 0.5763546798029556
Save model
Train
Eval
Epoch 66 Eval loss: 1.660, Acc: 0.5689655172413793
Train
Eval
Epoch 67 Eval loss: 1.645, Acc: 0.5591133004926109
Save model
Train
Eval
Epoch 68 Eval loss: 1.639, Acc: 0.5738916256157636
Save model
Train
Eval
Epoch 69 Eval loss: 1.665, Acc: 0.5812807881773399
Train
Eval
Epoch 70 Eval loss: 1.654, Acc: 0.5689655172413793
Train
Eval
Epoch 71 Eval loss: 1.645, Acc: 0.5714285714285714
Train
Eval
Epoch 72 Eval loss: 1.648, Acc: 0.5763546798029556
Train
Eval
Epoch 73 Eval loss: 1.657, Acc: 0.5886699507389163
Train
Eval
Epoch 74 Eval loss: 1.648, Acc: 0.5788177339901478
Train
Eval
Epoch 75 Eval loss: 1.653, Acc: 0.5615763546798029
Train
Eval
Epoch 76 Eval loss: 1.630, Acc: 0.5812807881773399
Save model
Train
Eval
Epoch 77 Eval loss: 1.635, Acc: 0.5665024630541872
Train
Eval
Epoch 78 Eval loss: 1.636, Acc: 0.5714285714285714
Train
Eval
Epoch 79 Eval loss: 1.653, Acc: 0.5665024630541872
Train
Eval
Epoch 80 Eval loss: 1.654, Acc: 0.5665024630541872
Train
Eval
Epoch 81 Eval loss: 1.661, Acc: 0.5714285714285714
Train
Eval
Epoch 82 Eval loss: 1.645, Acc: 0.5640394088669951
Train
Eval
Epoch 83 Eval loss: 1.645, Acc: 0.5763546798029556
Train
Eval
Epoch 84 Eval loss: 1.646, Acc: 0.5714285714285714
Train
Eval
Epoch 85 Eval loss: 1.629, Acc: 0.5689655172413793
Save model
Train
Eval
Epoch 86 Eval loss: 1.631, Acc: 0.5886699507389163
Train
Eval
Epoch 87 Eval loss: 1.637, Acc: 0.5788177339901478
Train
Eval
Epoch 88 Eval loss: 1.630, Acc: 0.5763546798029556
Train
Eval
Epoch 89 Eval loss: 1.625, Acc: 0.5738916256157636
Save model
Train
Eval
Epoch 90 Eval loss: 1.670, Acc: 0.5689655172413793
Train
Eval
Epoch 91 Eval loss: 1.642, Acc: 0.5763546798029556
Train
Eval
Epoch 92 Eval loss: 1.622, Acc: 0.5812807881773399
Save model
Train
Eval
Epoch 93 Eval loss: 1.626, Acc: 0.5763546798029556
Train
Eval
Epoch 94 Eval loss: 1.651, Acc: 0.5812807881773399
Train
Eval
Epoch 95 Eval loss: 1.629, Acc: 0.5665024630541872
Train
Eval
Epoch 96 Eval loss: 1.660, Acc: 0.5862068965517241
Train
Eval
Epoch 97 Eval loss: 1.643, Acc: 0.5714285714285714
Train
Eval
Epoch 98 Eval loss: 1.618, Acc: 0.5862068965517241
Save model
Train
Eval
Epoch 99 Eval loss: 1.634, Acc: 0.5812807881773399
{'freeze_backbone': 'True', 'load_pretrain': True, 'pretrain_path': './hw4_data/pretrain_model_SL.pt', 'ckpt_path': 'ckpt4_2D', 'data_path': './hw4_data/office/', 'batch_size': 16, 'learning_rate': 0.0003, 'n_epochs': 100, 'stepLR_step': 100, 'stepLR_gamma': 0.99}
Using cuda:1
1
Train: 247
Val: 26
Load from ./hw4_data/pretrain_model_SL.pt
No freeze backbone.
Number of params: 25622097
Train
Eval
Epoch 0 Eval loss: 3.942, Acc: 0.11822660098522167
Save model
Train
Eval
Epoch 1 Eval loss: 3.858, Acc: 0.14532019704433496
Save model
Train
Eval
Epoch 2 Eval loss: 3.827, Acc: 0.15763546798029557
Save model
Train
Eval
Epoch 3 Eval loss: 3.707, Acc: 0.1748768472906404
Save model
Train
Eval
Epoch 4 Eval loss: 3.872, Acc: 0.1921182266009852
Train
Eval
Epoch 5 Eval loss: 3.735, Acc: 0.2044334975369458
Train
Eval
Epoch 6 Eval loss: 3.409, Acc: 0.2019704433497537
Save model
Train
Eval
Epoch 7 Eval loss: 3.258, Acc: 0.2315270935960591
Save model
Train
Eval
Epoch 8 Eval loss: 3.300, Acc: 0.21674876847290642
Train
Eval
Epoch 9 Eval loss: 3.163, Acc: 0.22413793103448276
Save model
Train
Eval
Epoch 10 Eval loss: 3.222, Acc: 0.2315270935960591
Train
Eval
Epoch 11 Eval loss: 3.190, Acc: 0.21428571428571427
Train
Eval
Epoch 12 Eval loss: 3.093, Acc: 0.20935960591133004
Save model
Train
Eval
Epoch 13 Eval loss: 3.139, Acc: 0.229064039408867
Train
Eval
Epoch 14 Eval loss: 3.093, Acc: 0.21674876847290642
Save model
Train
Eval
Epoch 15 Eval loss: 3.136, Acc: 0.21428571428571427
Train
Eval
Epoch 16 Eval loss: 3.126, Acc: 0.22413793103448276
Train
Eval
Epoch 17 Eval loss: 3.087, Acc: 0.22413793103448276
Save model
Train
Eval
Epoch 18 Eval loss: 3.073, Acc: 0.229064039408867
Save model
Train
Eval
Epoch 19 Eval loss: 3.138, Acc: 0.21921182266009853
Train
Eval
Epoch 20 Eval loss: 3.112, Acc: 0.2315270935960591
Train
Eval
Epoch 21 Eval loss: 3.115, Acc: 0.22660098522167488
Train
Eval
Epoch 22 Eval loss: 3.199, Acc: 0.229064039408867
Train
Eval
Epoch 23 Eval loss: 3.198, Acc: 0.22167487684729065
Train
Eval
Epoch 24 Eval loss: 3.247, Acc: 0.22413793103448276
Train
Eval
Epoch 25 Eval loss: 3.237, Acc: 0.22167487684729065
Train
Eval
Epoch 26 Eval loss: 3.257, Acc: 0.21428571428571427
Train
Eval
Epoch 27 Eval loss: 3.208, Acc: 0.23645320197044334
Train
Eval
Epoch 28 Eval loss: 3.173, Acc: 0.22167487684729065
Train
Eval
Epoch 29 Eval loss: 3.228, Acc: 0.21674876847290642
Train
Eval
Epoch 30 Eval loss: 3.201, Acc: 0.229064039408867
Train
Eval
Epoch 31 Eval loss: 3.226, Acc: 0.23399014778325122
Train
Eval
Epoch 32 Eval loss: 3.323, Acc: 0.23399014778325122
Train
Eval
Epoch 33 Eval loss: 3.282, Acc: 0.23399014778325122
Train
Eval
Epoch 34 Eval loss: 3.277, Acc: 0.2315270935960591
Train
Eval
Epoch 35 Eval loss: 3.353, Acc: 0.21921182266009853
Train
Eval
Epoch 36 Eval loss: 3.350, Acc: 0.23399014778325122
Train
Eval
Epoch 37 Eval loss: 3.395, Acc: 0.23645320197044334
Train
Eval
Epoch 38 Eval loss: 3.416, Acc: 0.2315270935960591
Train
Eval
Epoch 39 Eval loss: 3.477, Acc: 0.22660098522167488
Train
Eval
Epoch 40 Eval loss: 3.484, Acc: 0.22413793103448276
Train
Eval
Epoch 41 Eval loss: 3.413, Acc: 0.22660098522167488
Train
Eval
Epoch 42 Eval loss: 3.463, Acc: 0.23645320197044334
Train
Eval
Epoch 43 Eval loss: 3.422, Acc: 0.22413793103448276
Train
Eval
Epoch 44 Eval loss: 3.614, Acc: 0.23399014778325122
Train
Eval
Epoch 45 Eval loss: 3.584, Acc: 0.23399014778325122
Train
Eval
Epoch 46 Eval loss: 3.518, Acc: 0.23891625615763548
Train
Eval
Epoch 47 Eval loss: 3.579, Acc: 0.24630541871921183
Train
Eval
Epoch 48 Eval loss: 3.593, Acc: 0.23891625615763548
Train
Eval
Epoch 49 Eval loss: 3.614, Acc: 0.23891625615763548
Train
Eval
Epoch 50 Eval loss: 3.671, Acc: 0.23645320197044334
Train
Eval
Epoch 51 Eval loss: 3.747, Acc: 0.23891625615763548
Train
Eval
Epoch 52 Eval loss: 3.671, Acc: 0.23891625615763548
Train
Eval
Epoch 53 Eval loss: 3.738, Acc: 0.2315270935960591
Train
Eval
Epoch 54 Eval loss: 3.774, Acc: 0.23645320197044334
Train
Eval
Epoch 55 Eval loss: 3.671, Acc: 0.23645320197044334
Train
Eval
Epoch 56 Eval loss: 3.812, Acc: 0.229064039408867
Train
Eval
Epoch 57 Eval loss: 3.880, Acc: 0.23891625615763548
Train
Eval
Epoch 58 Eval loss: 3.864, Acc: 0.23891625615763548
Train
Eval
Epoch 59 Eval loss: 3.789, Acc: 0.2536945812807882
Train
Eval
Epoch 60 Eval loss: 3.857, Acc: 0.2536945812807882
Train
Eval
Epoch 61 Eval loss: 3.725, Acc: 0.24630541871921183
Train
Eval
Epoch 62 Eval loss: 3.929, Acc: 0.2315270935960591
Train
Eval
Epoch 63 Eval loss: 4.026, Acc: 0.23891625615763548
Train
Eval
Epoch 64 Eval loss: 3.932, Acc: 0.24876847290640394
Train
Eval
Epoch 65 Eval loss: 3.985, Acc: 0.23645320197044334
Train
Eval
Epoch 66 Eval loss: 3.894, Acc: 0.2512315270935961
Train
Eval
Epoch 67 Eval loss: 3.924, Acc: 0.23645320197044334
Train
Eval
Epoch 68 Eval loss: 4.070, Acc: 0.23399014778325122
Train
Eval
Epoch 69 Eval loss: 4.028, Acc: 0.2438423645320197
Train
Eval
Epoch 70 Eval loss: 3.943, Acc: 0.24630541871921183
Train
Eval
Epoch 71 Eval loss: 3.956, Acc: 0.23891625615763548
Train
Eval
Epoch 72 Eval loss: 4.045, Acc: 0.2438423645320197
Train
Eval
Epoch 73 Eval loss: 4.013, Acc: 0.24630541871921183
Train
Eval
Epoch 74 Eval loss: 4.051, Acc: 0.2561576354679803
Train
Eval
Epoch 75 Eval loss: 4.031, Acc: 0.24876847290640394
Train
Eval
Epoch 76 Eval loss: 4.079, Acc: 0.2512315270935961
Train
Eval
Epoch 77 Eval loss: 4.090, Acc: 0.24630541871921183
Train
Eval
Epoch 78 Eval loss: 4.136, Acc: 0.2438423645320197
Train
Eval
Epoch 79 Eval loss: 4.154, Acc: 0.2413793103448276
Train
Eval
Epoch 80 Eval loss: 4.046, Acc: 0.2315270935960591
Train
Eval
Epoch 81 Eval loss: 4.096, Acc: 0.24630541871921183
Train
Eval
Epoch 82 Eval loss: 4.166, Acc: 0.24876847290640394
Train
Eval
Epoch 83 Eval loss: 4.187, Acc: 0.24630541871921183
Train
Eval
Epoch 84 Eval loss: 4.080, Acc: 0.23399014778325122
Train
Eval
Epoch 85 Eval loss: 4.206, Acc: 0.2438423645320197
Train
Eval
Epoch 86 Eval loss: 4.253, Acc: 0.25862068965517243
Train
Eval
Epoch 87 Eval loss: 4.127, Acc: 0.2512315270935961
Train
Eval
Epoch 88 Eval loss: 4.147, Acc: 0.2536945812807882
Train
Eval
Epoch 89 Eval loss: 4.276, Acc: 0.24876847290640394
Train
Eval
Epoch 90 Eval loss: 4.334, Acc: 0.24630541871921183
Train
Eval
Epoch 91 Eval loss: 4.344, Acc: 0.26354679802955666
Train
Eval
Epoch 92 Eval loss: 4.305, Acc: 0.229064039408867
Train
Eval
Epoch 93 Eval loss: 4.279, Acc: 0.25862068965517243
Train
Eval
Epoch 94 Eval loss: 4.338, Acc: 0.2536945812807882
Train
Eval
Epoch 95 Eval loss: 4.281, Acc: 0.2512315270935961
Train
Eval
Epoch 96 Eval loss: 4.344, Acc: 0.2438423645320197
Train
Eval
Epoch 97 Eval loss: 4.404, Acc: 0.24630541871921183
Train
Eval
Epoch 98 Eval loss: 4.361, Acc: 0.2512315270935961
Train
Eval
Epoch 99 Eval loss: 4.406, Acc: 0.2438423645320197
{'freeze_backbone': 'True', 'load_pretrain': True, 'pretrain_path': './ckpt4_2_naive_backbone/improved-net.pt', 'ckpt_path': 'ckpt4_2E', 'data_path': './hw4_data/office/', 'batch_size': 16, 'learning_rate': 0.0003, 'n_epochs': 100, 'stepLR_step': 100, 'stepLR_gamma': 0.99}
Using cuda:1
1
Train: 247
Val: 26
Load from ./ckpt4_2_naive_backbone/improved-net.pt
No freeze backbone.
Number of params: 25622097
Train
Eval
Epoch 0 Eval loss: 3.774, Acc: 0.1477832512315271
Save model
Train
Eval
Epoch 1 Eval loss: 3.404, Acc: 0.22660098522167488
Save model
Train
Eval
Epoch 2 Eval loss: 3.081, Acc: 0.26108374384236455
Save model
Train
Eval
Epoch 3 Eval loss: 2.874, Acc: 0.3103448275862069
Save model
Train
Eval
Epoch 4 Eval loss: 2.688, Acc: 0.35714285714285715
Save model
Train
Eval
Epoch 5 Eval loss: 2.595, Acc: 0.37438423645320196
Save model
Train
Eval
Epoch 6 Eval loss: 2.495, Acc: 0.3842364532019704
Save model
Train
Eval
Epoch 7 Eval loss: 2.420, Acc: 0.4064039408866995
Save model
Train
Eval
Epoch 8 Eval loss: 2.345, Acc: 0.4064039408866995
Save model
Train
Eval
Epoch 9 Eval loss: 2.275, Acc: 0.4014778325123153
Save model
Train
Eval
Epoch 10 Eval loss: 2.227, Acc: 0.41625615763546797
Save model
Train
Eval
Epoch 11 Eval loss: 2.192, Acc: 0.43596059113300495
Save model
Train
Eval
Epoch 12 Eval loss: 2.147, Acc: 0.4458128078817734
Save model
Train
Eval
Epoch 13 Eval loss: 2.106, Acc: 0.4482758620689655
Save model
Train
Eval
Epoch 14 Eval loss: 2.077, Acc: 0.458128078817734
Save model
Train
Eval
Epoch 15 Eval loss: 2.047, Acc: 0.46551724137931033
Save model
Train
Eval
Epoch 16 Eval loss: 2.010, Acc: 0.47783251231527096
Save model
Train
Eval
Epoch 17 Eval loss: 2.002, Acc: 0.46798029556650245
Save model
Train
Eval
Epoch 18 Eval loss: 1.976, Acc: 0.4852216748768473
Save model
Train
Eval
Epoch 19 Eval loss: 1.933, Acc: 0.4852216748768473
Save model
Train
Eval
Epoch 20 Eval loss: 1.926, Acc: 0.5024630541871922
Save model
Train
Eval
Epoch 21 Eval loss: 1.906, Acc: 0.5
Save model
Train
Eval
Epoch 22 Eval loss: 1.882, Acc: 0.5320197044334976
Save model
Train
Eval
Epoch 23 Eval loss: 1.876, Acc: 0.5147783251231527
Save model
Train
Eval
Epoch 24 Eval loss: 1.870, Acc: 0.5172413793103449
Save model
Train
Eval
Epoch 25 Eval loss: 1.840, Acc: 0.5172413793103449
Save model
Train
Eval
Epoch 26 Eval loss: 1.821, Acc: 0.5270935960591133
Save model
Train
Eval
Epoch 27 Eval loss: 1.833, Acc: 0.5246305418719212
Train
Eval
Epoch 28 Eval loss: 1.824, Acc: 0.5172413793103449
Train
Eval
Epoch 29 Eval loss: 1.790, Acc: 0.5320197044334976
Save model
Train
Eval
Epoch 30 Eval loss: 1.774, Acc: 0.541871921182266
Save model
Train
Eval
Epoch 31 Eval loss: 1.787, Acc: 0.5295566502463054
Train
Eval
Epoch 32 Eval loss: 1.779, Acc: 0.5295566502463054
Train
Eval
Epoch 33 Eval loss: 1.760, Acc: 0.5344827586206896
Save model
Train
Eval
Epoch 34 Eval loss: 1.762, Acc: 0.5344827586206896
Train
Eval
Epoch 35 Eval loss: 1.758, Acc: 0.5369458128078818
Save model
Train
Eval
Epoch 36 Eval loss: 1.753, Acc: 0.5541871921182266
Save model
Train
Eval
Epoch 37 Eval loss: 1.751, Acc: 0.5467980295566502
Save model
Train
Eval
Epoch 38 Eval loss: 1.737, Acc: 0.5541871921182266
Save model
Train
Eval
Epoch 39 Eval loss: 1.730, Acc: 0.5566502463054187
Save model
Train
Eval
Epoch 40 Eval loss: 1.732, Acc: 0.5443349753694581
Train
Eval
Epoch 41 Eval loss: 1.745, Acc: 0.5591133004926109
Train
Eval
Epoch 42 Eval loss: 1.709, Acc: 0.5665024630541872
Save model
Train
Eval
Epoch 43 Eval loss: 1.716, Acc: 0.5640394088669951
Train
Eval
Epoch 44 Eval loss: 1.703, Acc: 0.5566502463054187
Save model
Train
Eval
Epoch 45 Eval loss: 1.684, Acc: 0.5640394088669951
Save model
Train
Eval
Epoch 46 Eval loss: 1.696, Acc: 0.5640394088669951
Train
Eval
Epoch 47 Eval loss: 1.692, Acc: 0.5615763546798029
Train
Eval
Epoch 48 Eval loss: 1.693, Acc: 0.5640394088669951
Train
Eval
Epoch 49 Eval loss: 1.692, Acc: 0.5541871921182266
Train
Eval
Epoch 50 Eval loss: 1.684, Acc: 0.5665024630541872
Train
Eval
Epoch 51 Eval loss: 1.701, Acc: 0.5763546798029556
Train
Eval
Epoch 52 Eval loss: 1.664, Acc: 0.5788177339901478
Save model
Train
Eval
Epoch 53 Eval loss: 1.684, Acc: 0.5665024630541872
Train
Eval
Epoch 54 Eval loss: 1.656, Acc: 0.5591133004926109
Save model
Train
Eval
Epoch 55 Eval loss: 1.671, Acc: 0.5541871921182266
Train
Eval
Epoch 56 Eval loss: 1.682, Acc: 0.5714285714285714
Train
Eval
Epoch 57 Eval loss: 1.690, Acc: 0.5615763546798029
Train
Eval
Epoch 58 Eval loss: 1.658, Acc: 0.5640394088669951
Train
Eval
Epoch 59 Eval loss: 1.664, Acc: 0.5665024630541872
Train
Eval
Epoch 60 Eval loss: 1.661, Acc: 0.5714285714285714
Train
Eval
Epoch 61 Eval loss: 1.668, Acc: 0.5689655172413793
Train
Eval
Epoch 62 Eval loss: 1.669, Acc: 0.5640394088669951
Train
Eval
Epoch 63 Eval loss: 1.672, Acc: 0.5714285714285714
Train
Eval
Epoch 64 Eval loss: 1.674, Acc: 0.5812807881773399
Train
Eval
Epoch 65 Eval loss: 1.650, Acc: 0.5763546798029556
Save model
Train
Eval
Epoch 66 Eval loss: 1.660, Acc: 0.5689655172413793
Train
Eval
Epoch 67 Eval loss: 1.645, Acc: 0.5591133004926109
Save model
Train
Eval
Epoch 68 Eval loss: 1.639, Acc: 0.5738916256157636
Save model
Train
Eval
Epoch 69 Eval loss: 1.665, Acc: 0.5812807881773399
Train
Eval
Epoch 70 Eval loss: 1.654, Acc: 0.5689655172413793
Train
Eval
Epoch 71 Eval loss: 1.645, Acc: 0.5714285714285714
Train
Eval
Epoch 72 Eval loss: 1.648, Acc: 0.5763546798029556
Train
Eval
Epoch 73 Eval loss: 1.657, Acc: 0.5886699507389163
Train
Eval
Epoch 74 Eval loss: 1.648, Acc: 0.5788177339901478
Train
Eval
Epoch 75 Eval loss: 1.653, Acc: 0.5615763546798029
Train
Eval
Epoch 76 Eval loss: 1.630, Acc: 0.5812807881773399
Save model
Train
Eval
Epoch 77 Eval loss: 1.635, Acc: 0.5665024630541872
Train
Eval
Epoch 78 Eval loss: 1.636, Acc: 0.5714285714285714
Train
Eval
Epoch 79 Eval loss: 1.653, Acc: 0.5665024630541872
Train
Eval
Epoch 80 Eval loss: 1.654, Acc: 0.5665024630541872
Train
Eval
Epoch 81 Eval loss: 1.661, Acc: 0.5714285714285714
Train
Eval
Epoch 82 Eval loss: 1.645, Acc: 0.5640394088669951
Train
Eval
Epoch 83 Eval loss: 1.645, Acc: 0.5763546798029556
Train
Eval
Epoch 84 Eval loss: 1.646, Acc: 0.5714285714285714
Train
Eval
Epoch 85 Eval loss: 1.629, Acc: 0.5689655172413793
Save model
Train
Eval
Epoch 86 Eval loss: 1.631, Acc: 0.5886699507389163
Train
Eval
Epoch 87 Eval loss: 1.637, Acc: 0.5788177339901478
Train
Eval
Epoch 88 Eval loss: 1.630, Acc: 0.5763546798029556
Train
Eval
Epoch 89 Eval loss: 1.625, Acc: 0.5738916256157636
Save model
Train
Eval
Epoch 90 Eval loss: 1.670, Acc: 0.5689655172413793
Train
Eval
Epoch 91 Eval loss: 1.642, Acc: 0.5763546798029556
Train
Eval
Epoch 92 Eval loss: 1.622, Acc: 0.5812807881773399
Save model
Train
Eval
Epoch 93 Eval loss: 1.626, Acc: 0.5763546798029556
Train
Eval
Epoch 94 Eval loss: 1.651, Acc: 0.5812807881773399
Train
Eval
Epoch 95 Eval loss: 1.629, Acc: 0.5665024630541872
Train
Eval
Epoch 96 Eval loss: 1.660, Acc: 0.5862068965517241
Train
Eval
Epoch 97 Eval loss: 1.643, Acc: 0.5714285714285714
Train
Eval
Epoch 98 Eval loss: 1.618, Acc: 0.5862068965517241
Save model
Train
Eval
Epoch 99 Eval loss: 1.634, Acc: 0.5812807881773399
