{'resume_path': './ckpt4_2A/downstring_SGD.pth', 'csv_path': './hw4_data/office/val.csv', 'data_path': './hw4_data/office/val', 'output_name': './output_p2/test_pred.csv', 'batch_size': 32}
Using cuda:1
406
Val: 13
Load from ./ckpt4_2A/downstring_SGD.pth
Number of params: 25622097
(406,)
result: 0.16216216216216217 (66|407)
{'resume_path': './ckpt4_2B/downstring_SGD.pth', 'csv_path': './hw4_data/office/val.csv', 'data_path': './hw4_data/office/val', 'output_name': './output_p2/test_pred.csv', 'batch_size': 32}
Using cuda:1
406
Val: 13
Load from ./ckpt4_2B/downstring_SGD.pth
Number of params: 25622097
(406,)
result: 0.2285012285012285 (93|407)
{'resume_path': './ckpt4_2C/downstring_SGD.pth', 'csv_path': './hw4_data/office/val.csv', 'data_path': './hw4_data/office/val', 'output_name': './output_p2/test_pred.csv', 'batch_size': 32}
Using cuda:1
406
Val: 13
Load from ./ckpt4_2C/downstring_SGD.pth
Number of params: 25622097
(406,)
result: 0.5847665847665847 (238|407)
{'resume_path': './ckpt4_2D/downstring_SGD.pth', 'csv_path': './hw4_data/office/val.csv', 'data_path': './hw4_data/office/val', 'output_name': './output_p2/test_pred.csv', 'batch_size': 32}
Using cuda:1
406
Val: 13
Load from ./ckpt4_2D/downstring_SGD.pth
Number of params: 25622097
(406,)
result: 0.20147420147420148 (82|407)
{'resume_path': './ckpt4_2E/downstring_SGD.pth', 'csv_path': './hw4_data/office/val.csv', 'data_path': './hw4_data/office/val', 'output_name': './output_p2/test_pred.csv', 'batch_size': 32}
Using cuda:1
406
Val: 13
Load from ./ckpt4_2E/downstring_SGD.pth
Number of params: 25622097
(406,)
result: 0.44471744471744473 (181|407)
